0 info it worked if it ends with ok
1 verbose cli [ '/Users/whoof/.nvm/versions/node/v5.0.0/bin/node',
1 verbose cli   '/Users/whoof/.nvm/versions/node/v5.0.0/bin/npm',
1 verbose cli   'publish' ]
2 info using npm@3.3.6
3 info using node@v5.0.0
4 verbose publish [ '.' ]
5 silly cache add args [ '.', null ]
6 verbose cache add spec .
7 silly cache add parsed spec Result {
7 silly cache add   raw: '.',
7 silly cache add   scope: null,
7 silly cache add   name: null,
7 silly cache add   rawSpec: '.',
7 silly cache add   spec: '/Users/whoof/development/Promise',
7 silly cache add   type: 'directory' }
8 verbose addLocalDirectory /Users/whoof/.npm/Promise/1.0.2/package.tgz not in flight; packing
9 info lifecycle Promise@1.0.2~prepublish: Promise@1.0.2
10 verbose lifecycle Promise@1.0.2~prepublish: unsafe-perm in lifecycle true
11 verbose lifecycle Promise@1.0.2~prepublish: PATH: /Users/whoof/.nvm/versions/node/v5.0.0/lib/node_modules/npm/bin/node-gyp-bin:/Users/whoof/development/Promise/node_modules/.bin:/Users/whoof/.rvm/gems/ruby-2.3.0/bin:/Users/whoof/.rvm/gems/ruby-2.3.0@global/bin:/Users/whoof/.rvm/rubies/ruby-2.3.0/bin:/Users/whoof/.nvm/versions/node/v5.0.0/bin:/Users/whoof/.rbenv/shims:/Library/Frameworks/Python.framework/Versions/3.5/bin:/opt/local/Library/Frameworks/Python.framework/Versions/3.4/bin:/opt/local/bin:/opt/local/sbin:/usr/local/bin:/usr/bin:/bin:/usr/sbin:/sbin:/opt/X11/bin:/Library/TeX/texbin:/Users/whoof/bin:/opt/mongodb/bin:/Users/whoof/.rvm/bin
12 verbose lifecycle Promise@1.0.2~prepublish: CWD: /Users/whoof/development/Promise
13 silly lifecycle Promise@1.0.2~prepublish: Args: [ '-c', 'npm run build' ]
14 silly lifecycle Promise@1.0.2~prepublish: Returned: code: 0  signal: null
15 verbose tar pack [ '/Users/whoof/.npm/Promise/1.0.2/package.tgz',
15 verbose tar pack   '/Users/whoof/development/Promise' ]
16 verbose tarball /Users/whoof/.npm/Promise/1.0.2/package.tgz
17 verbose folder /Users/whoof/development/Promise
18 verbose addLocalTarball adding from inside cache /Users/whoof/.npm/Promise/1.0.2/package.tgz
19 silly cache afterAdd Promise@1.0.2
20 verbose afterAdd /Users/whoof/.npm/Promise/1.0.2/package/package.json not in flight; writing
21 verbose afterAdd /Users/whoof/.npm/Promise/1.0.2/package/package.json written
22 silly publish { name: 'Promise',
22 silly publish   version: '1.0.2',
22 silly publish   description: 'Basic JS Promise Implementation for funzzies Open to suggestions for improvements.',
22 silly publish   main: 'lib/Promise.js',
22 silly publish   scripts:
22 silly publish    { test: 'babel-node src/test/main.js',
22 silly publish      dev: 'nodemon src/test/main.js --exec babel-node',
22 silly publish      start: 'babel-node src/Promise.js',
22 silly publish      build: 'babel src --out-dir lib',
22 silly publish      prepublish: 'npm run build' },
22 silly publish   repository:
22 silly publish    { type: 'git',
22 silly publish      url: 'git+https://github.com/ryanlinnane/Promise-lite.git' },
22 silly publish   keywords: [],
22 silly publish   author: '',
22 silly publish   license: 'ISC',
22 silly publish   dependencies: { 'babel-cli': '^6.14.0' },
22 silly publish   devDependencies: { 'babel-preset-es2015': '^6.14.0', nodemon: '^1.10.2' },
22 silly publish   readme: '# Promise-lite\nBasic JS Promise Implementation for funzzies\nOpen to suggestions for improvements.\n\n## Npm Module\n\n### Install\n```\n  $ npm install -S Promise\n```\n\n### ES6+\n```javascript\n  import Promise from \'Promise\'\n```\n### ES5\n```javascript\n  var Promise = require(\'Promise\').default\n```\n\n\n\n\n## About\n\nSupports .then chaining and async resolution/rejection.\n\n\n## Development\n\n### Install\n```\n  $ git clone <project>\n  $ npm install\n  $ npm run dev //edit src folder\n```\n### Build\n```\n  $ npm run build\n```\n',
22 silly publish   readmeFilename: 'README.md',
22 silly publish   gitHead: '322db1039483250d7b2da451ddafc4ae5241f1f8',
22 silly publish   bugs: { url: 'https://github.com/ryanlinnane/Promise-lite/issues' },
22 silly publish   homepage: 'https://github.com/ryanlinnane/Promise-lite#readme',
22 silly publish   _id: 'Promise@1.0.2',
22 silly publish   _shasum: '0fcc5abb3e2147ad67db99cc77c172bd7072e28c',
22 silly publish   _from: '.' }
23 verbose getPublishConfig undefined
24 silly mapToRegistry name Promise
25 silly mapToRegistry using default registry
26 silly mapToRegistry registry https://registry.npmjs.org/
27 silly mapToRegistry uri https://registry.npmjs.org/Promise
28 verbose publish registryBase https://registry.npmjs.org/
29 silly publish uploading /Users/whoof/.npm/Promise/1.0.2/package.tgz
30 verbose request uri https://registry.npmjs.org/Promise
31 verbose request sending authorization for write operation
32 info attempt registry request try #1 at 10:41:47 PM
33 verbose request using bearer token for auth
34 verbose request id f40739fa3a57c2f2
35 http request PUT https://registry.npmjs.org/Promise
36 http 403 https://registry.npmjs.org/Promise
37 verbose headers { 'content-type': 'application/json',
37 verbose headers   'cache-control': 'max-age=300',
37 verbose headers   'content-length': '95',
37 verbose headers   'accept-ranges': 'bytes',
37 verbose headers   date: 'Mon, 12 Sep 2016 03:41:48 GMT',
37 verbose headers   via: '1.1 varnish',
37 verbose headers   connection: 'keep-alive',
37 verbose headers   'x-served-by': 'cache-dfw1851-DFW',
37 verbose headers   'x-cache': 'MISS',
37 verbose headers   'x-cache-hits': '0',
37 verbose headers   'x-timer': 'S1473651707.860887,VS0,VE720',
37 verbose headers   vary: 'Accept-Encoding' }
38 verbose request invalidating /Users/whoof/.npm/registry.npmjs.org/Promise on PUT
39 error publish Failed PUT 403
40 verbose stack Error: "You cannot publish over the previously published version 1.0.2." : Promise
40 verbose stack     at makeError (/Users/whoof/.nvm/versions/node/v5.0.0/lib/node_modules/npm/node_modules/npm-registry-client/lib/request.js:264:12)
40 verbose stack     at CachingRegistryClient.<anonymous> (/Users/whoof/.nvm/versions/node/v5.0.0/lib/node_modules/npm/node_modules/npm-registry-client/lib/request.js:252:14)
40 verbose stack     at Request._callback (/Users/whoof/.nvm/versions/node/v5.0.0/lib/node_modules/npm/node_modules/npm-registry-client/lib/request.js:172:14)
40 verbose stack     at Request.self.callback (/Users/whoof/.nvm/versions/node/v5.0.0/lib/node_modules/npm/node_modules/request/request.js:198:22)
40 verbose stack     at emitTwo (events.js:87:13)
40 verbose stack     at Request.emit (events.js:172:7)
40 verbose stack     at Request.<anonymous> (/Users/whoof/.nvm/versions/node/v5.0.0/lib/node_modules/npm/node_modules/request/request.js:1063:14)
40 verbose stack     at emitOne (events.js:82:20)
40 verbose stack     at Request.emit (events.js:169:7)
40 verbose stack     at IncomingMessage.<anonymous> (/Users/whoof/.nvm/versions/node/v5.0.0/lib/node_modules/npm/node_modules/request/request.js:1009:12)
41 verbose statusCode 403
42 verbose pkgid Promise
43 verbose cwd /Users/whoof/development/Promise
44 error Darwin 15.6.0
45 error argv "/Users/whoof/.nvm/versions/node/v5.0.0/bin/node" "/Users/whoof/.nvm/versions/node/v5.0.0/bin/npm" "publish"
46 error node v5.0.0
47 error npm  v3.3.6
48 error code E403
49 error "You cannot publish over the previously published version 1.0.2." : Promise
50 error If you need help, you may report this error at:
50 error     <https://github.com/npm/npm/issues>
51 verbose exit [ 1, true ]
